Determining if the pthread_create exist failed with the following output:
Change Dir: /media/matthew/DATA/Study/Y2_Summer/SpeQtral/stack/qcrypto/errorcorrection/ldpc_examples/my_project_with_aff3ct/examples/openmp/build_linux_macos/CMakeFiles/CMakeTmp

Run Build Command:"/usr/bin/make" "cmTC_70433/fast"
/usr/bin/make -f CMakeFiles/cmTC_70433.dir/build.make CMakeFiles/cmTC_70433.dir/build
make[1]: Entering directory '/media/matthew/DATA/Study/Y2_Summer/SpeQtral/stack/qcrypto/errorcorrection/ldpc_examples/my_project_with_aff3ct/examples/openmp/build_linux_macos/CMakeFiles/CMakeTmp'
Building C object CMakeFiles/cmTC_70433.dir/CheckSymbolExists.c.o
/usr/bin/cc    -o CMakeFiles/cmTC_70433.dir/CheckSymbolExists.c.o   -c /media/matthew/DATA/Study/Y2_Summer/SpeQtral/stack/qcrypto/errorcorrection/ldpc_examples/my_project_with_aff3ct/examples/openmp/build_linux_macos/CMakeFiles/CMakeTmp/CheckSymbolExists.c
Linking C executable cmTC_70433
/usr/bin/cmake -E cmake_link_script CMakeFiles/cmTC_70433.dir/link.txt --verbose=1
/usr/bin/cc      -rdynamic CMakeFiles/cmTC_70433.dir/CheckSymbolExists.c.o  -o cmTC_70433 
CMakeFiles/cmTC_70433.dir/CheckSymbolExists.c.o: In function `main':
CheckSymbolExists.c:(.text+0x1b): undefined reference to `pthread_create'
collect2: error: ld returned 1 exit status
CMakeFiles/cmTC_70433.dir/build.make:97: recipe for target 'cmTC_70433' failed
make[1]: *** [cmTC_70433] Error 1
make[1]: Leaving directory '/media/matthew/DATA/Study/Y2_Summer/SpeQtral/stack/qcrypto/errorcorrection/ldpc_examples/my_project_with_aff3ct/examples/openmp/build_linux_macos/CMakeFiles/CMakeTmp'
Makefile:126: recipe for target 'cmTC_70433/fast' failed
make: *** [cmTC_70433/fast] Error 2

File /media/matthew/DATA/Study/Y2_Summer/SpeQtral/stack/qcrypto/errorcorrection/ldpc_examples/my_project_with_aff3ct/examples/openmp/build_linux_macos/CMakeFiles/CMakeTmp/CheckSymbolExists.c:
/* */
#include <pthread.h>

int main(int argc, char** argv)
{
  (void)argv;
#ifndef pthread_create
  return ((int*)(&pthread_create))[argc];
#else
  (void)argc;
  return 0;
#endif
}

