Determining if the pthread_create exist failed with the following output:
Change Dir: /media/matthew/DATA/Study/Y2_Summer/SpeQtral/stack/qcrypto/errorcorrection/ldpc_examples/my_project_with_aff3ct/examples/factory/build_linux_macos/CMakeFiles/CMakeTmp

Run Build Command:"/usr/bin/make" "cmTC_2695f/fast"
/usr/bin/make -f CMakeFiles/cmTC_2695f.dir/build.make CMakeFiles/cmTC_2695f.dir/build
make[1]: Entering directory '/media/matthew/DATA/Study/Y2_Summer/SpeQtral/stack/qcrypto/errorcorrection/ldpc_examples/my_project_with_aff3ct/examples/factory/build_linux_macos/CMakeFiles/CMakeTmp'
Building C object CMakeFiles/cmTC_2695f.dir/CheckSymbolExists.c.o
/usr/bin/cc    -o CMakeFiles/cmTC_2695f.dir/CheckSymbolExists.c.o   -c /media/matthew/DATA/Study/Y2_Summer/SpeQtral/stack/qcrypto/errorcorrection/ldpc_examples/my_project_with_aff3ct/examples/factory/build_linux_macos/CMakeFiles/CMakeTmp/CheckSymbolExists.c
Linking C executable cmTC_2695f
/usr/bin/cmake -E cmake_link_script CMakeFiles/cmTC_2695f.dir/link.txt --verbose=1
/usr/bin/cc      -rdynamic CMakeFiles/cmTC_2695f.dir/CheckSymbolExists.c.o  -o cmTC_2695f 
CMakeFiles/cmTC_2695f.dir/CheckSymbolExists.c.o: In function `main':
CheckSymbolExists.c:(.text+0x1b): undefined reference to `pthread_create'
collect2: error: ld returned 1 exit status
CMakeFiles/cmTC_2695f.dir/build.make:97: recipe for target 'cmTC_2695f' failed
make[1]: *** [cmTC_2695f] Error 1
make[1]: Leaving directory '/media/matthew/DATA/Study/Y2_Summer/SpeQtral/stack/qcrypto/errorcorrection/ldpc_examples/my_project_with_aff3ct/examples/factory/build_linux_macos/CMakeFiles/CMakeTmp'
Makefile:126: recipe for target 'cmTC_2695f/fast' failed
make: *** [cmTC_2695f/fast] Error 2

File /media/matthew/DATA/Study/Y2_Summer/SpeQtral/stack/qcrypto/errorcorrection/ldpc_examples/my_project_with_aff3ct/examples/factory/build_linux_macos/CMakeFiles/CMakeTmp/CheckSymbolExists.c:
/* */
#include <pthread.h>

int main(int argc, char** argv)
{
  (void)argv;
#ifndef pthread_create
  return ((int*)(&pthread_create))[argc];
#else
  (void)argc;
  return 0;
#endif
}

